<?xml version="1.0" encoding="utf-8"?><testsuites name="pytest tests"><testsuite name="pytest" errors="0" failures="1" skipped="0" tests="15" time="8.731" timestamp="2026-02-13T21:29:02.264166+00:00" hostname="agent-env-ff84b608-7448-4070-9c46-b42c9eef5416"><testcase classname="backend.tests.test_approval_workflow.TestHealthCheck" name="test_health_endpoint" time="0.288" /><testcase classname="backend.tests.test_approval_workflow.TestAuthentication" name="test_login_with_provided_credentials" time="0.386" /><testcase classname="backend.tests.test_approval_workflow.TestAuthentication" name="test_login_with_legacy_credentials" time="0.417" /><testcase classname="backend.tests.test_approval_workflow.TestActivationRequestApprovalWorkflow" name="test_create_request_returns_pending_approval_status" time="0.367" /><testcase classname="backend.tests.test_approval_workflow.TestActivationRequestApprovalWorkflow" name="test_dashboard_approve_endpoint" time="0.878" /><testcase classname="backend.tests.test_approval_workflow.TestActivationRequestApprovalWorkflow" name="test_dashboard_decline_endpoint" time="0.877" /><testcase classname="backend.tests.test_approval_workflow.TestActivationRequestApprovalWorkflow" name="test_approve_already_processed_request_fails" time="1.019"><failure message="AssertionError: Should not be able to decline already approved request&#10;assert 200 == 400&#10; +  where 200 = &lt;Response [200]&gt;.status_code">backend/tests/test_approval_workflow.py:233: in test_approve_already_processed_request_fails
    assert decline_response.status_code == 400, "Should not be able to decline already approved request"
E   AssertionError: Should not be able to decline already approved request
E   assert 200 == 400
E    +  where 200 = &lt;Response [200]&gt;.status_code</failure></testcase><testcase classname="backend.tests.test_approval_workflow.TestEmailLinkApproval" name="test_approve_link_endpoint" time="0.370" /><testcase classname="backend.tests.test_approval_workflow.TestEmailLinkApproval" name="test_decline_link_endpoint" time="0.420" /><testcase classname="backend.tests.test_approval_workflow.TestEmailLinkApproval" name="test_invalid_token_rejected" time="0.442" /><testcase classname="backend.tests.test_approval_workflow.TestStatsEndpoint" name="test_stats_includes_pending_approval_count" time="0.616" /><testcase classname="backend.tests.test_approval_workflow.TestApprovalEmailSetting" name="test_settings_includes_approval_email_field" time="0.509" /><testcase classname="backend.tests.test_approval_workflow.TestApprovalEmailSetting" name="test_update_approval_email_setting" time="0.976" /><testcase classname="backend.tests.test_approval_workflow.TestStatusFilterWithNewStatuses" name="test_filter_by_pending_approval_status" time="0.478" /><testcase classname="backend.tests.test_approval_workflow.TestStatusFilterWithNewStatuses" name="test_filter_by_declined_status" time="0.542" /></testsuite></testsuites>