<?xml version="1.0" encoding="utf-8"?><testsuites name="pytest tests"><testsuite name="pytest" errors="0" failures="0" skipped="0" tests="14" time="2.155" timestamp="2026-02-13T12:46:32.238584+00:00" hostname="agent-env-df25224b-f87c-4c47-9b59-5ae6b2c1e4bb"><testcase classname="backend.tests.test_applecare_api.TestHealthCheck" name="test_health_endpoint" time="0.172" /><testcase classname="backend.tests.test_applecare_api.TestAuthentication" name="test_login_success" time="0.318" /><testcase classname="backend.tests.test_applecare_api.TestAuthentication" name="test_login_invalid_credentials" time="0.472" /><testcase classname="backend.tests.test_applecare_api.TestAuthentication" name="test_get_current_user" time="0.356" /><testcase classname="backend.tests.test_applecare_api.TestPlans" name="test_get_plans_public" time="0.074" /><testcase classname="backend.tests.test_applecare_api.TestPlans" name="test_get_plans_authenticated" time="0.062" /><testcase classname="backend.tests.test_applecare_api.TestPlans" name="test_create_plan" time="0.062" /><testcase classname="backend.tests.test_applecare_api.TestPlans" name="test_sample_excel_download" time="0.066" /><testcase classname="backend.tests.test_applecare_api.TestActivationRequests" name="test_create_activation_request_without_billing_payment" time="0.114" /><testcase classname="backend.tests.test_applecare_api.TestActivationRequests" name="test_get_activation_requests" time="0.052" /><testcase classname="backend.tests.test_applecare_api.TestActivationRequests" name="test_get_stats" time="0.057" /><testcase classname="backend.tests.test_applecare_api.TestSettings" name="test_get_settings" time="0.057" /><testcase classname="backend.tests.test_applecare_api.TestSettings" name="test_update_settings" time="0.052" /><testcase classname="backend.tests.test_applecare_api.TestExcelUpload" name="test_upload_excel_invalid_file" time="0.106" /></testsuite></testsuites>