<?xml version="1.0" encoding="utf-8"?><testsuites name="pytest tests"><testsuite name="pytest" errors="0" failures="0" skipped="0" tests="15" time="7.956" timestamp="2026-02-13T21:29:44.050963+00:00" hostname="agent-env-ff84b608-7448-4070-9c46-b42c9eef5416"><testcase classname="backend.tests.test_approval_workflow.TestHealthCheck" name="test_health_endpoint" time="0.200" /><testcase classname="backend.tests.test_approval_workflow.TestAuthentication" name="test_login_with_provided_credentials" time="0.354" /><testcase classname="backend.tests.test_approval_workflow.TestAuthentication" name="test_login_with_legacy_credentials" time="0.523" /><testcase classname="backend.tests.test_approval_workflow.TestActivationRequestApprovalWorkflow" name="test_create_request_returns_pending_approval_status" time="0.242" /><testcase classname="backend.tests.test_approval_workflow.TestActivationRequestApprovalWorkflow" name="test_dashboard_approve_endpoint" time="0.849" /><testcase classname="backend.tests.test_approval_workflow.TestActivationRequestApprovalWorkflow" name="test_dashboard_decline_endpoint" time="0.899" /><testcase classname="backend.tests.test_approval_workflow.TestActivationRequestApprovalWorkflow" name="test_cannot_approve_activated_request" time="0.852" /><testcase classname="backend.tests.test_approval_workflow.TestEmailLinkApproval" name="test_approve_link_endpoint" time="0.391" /><testcase classname="backend.tests.test_approval_workflow.TestEmailLinkApproval" name="test_decline_link_endpoint" time="0.388" /><testcase classname="backend.tests.test_approval_workflow.TestEmailLinkApproval" name="test_invalid_token_rejected" time="0.428" /><testcase classname="backend.tests.test_approval_workflow.TestStatsEndpoint" name="test_stats_includes_pending_approval_count" time="0.499" /><testcase classname="backend.tests.test_approval_workflow.TestApprovalEmailSetting" name="test_settings_includes_approval_email_field" time="0.543" /><testcase classname="backend.tests.test_approval_workflow.TestApprovalEmailSetting" name="test_update_approval_email_setting" time="0.658" /><testcase classname="backend.tests.test_approval_workflow.TestStatusFilterWithNewStatuses" name="test_filter_by_pending_approval_status" time="0.547" /><testcase classname="backend.tests.test_approval_workflow.TestStatusFilterWithNewStatuses" name="test_filter_by_declined_status" time="0.524" /></testsuite></testsuites>