<?xml version="1.0" encoding="utf-8"?><testsuites name="pytest tests"><testsuite name="pytest" errors="0" failures="0" skipped="0" tests="10" time="3.455" timestamp="2026-02-13T19:41:06.840873+00:00" hostname="agent-env-df25224b-f87c-4c47-9b59-5ae6b2c1e4bb"><testcase classname="backend.tests.test_applecare_iteration3.TestHealthCheck" name="test_health_endpoint" time="0.306" /><testcase classname="backend.tests.test_applecare_iteration3.TestAuthentication" name="test_login_success" time="0.449" /><testcase classname="backend.tests.test_applecare_iteration3.TestAuthentication" name="test_login_invalid_credentials" time="0.148" /><testcase classname="backend.tests.test_applecare_iteration3.TestPlansAPI" name="test_get_plans_public" time="0.227" /><testcase classname="backend.tests.test_applecare_iteration3.TestActivationRequestsAPI" name="test_create_activation_request_with_dealer_email" time="0.312" /><testcase classname="backend.tests.test_applecare_iteration3.TestActivationRequestsAPI" name="test_activation_request_requires_dealer_email" time="0.364" /><testcase classname="backend.tests.test_applecare_iteration3.TestActivationRequestsAPI" name="test_activation_request_validates_dealer_email_format" time="0.260" /><testcase classname="backend.tests.test_applecare_iteration3.TestSettingsAPI" name="test_get_settings" time="0.494" /><testcase classname="backend.tests.test_applecare_iteration3.TestSettingsAPI" name="test_update_tgme_settings" time="0.475" /><testcase classname="backend.tests.test_applecare_iteration3.TestTGMETicketIntegration" name="test_tgme_ticket_uses_dealer_info" time="0.300" /></testsuite></testsuites>